Compiling the C compiler identification source file "CMakeCCompilerId.c" failed.
Compiler: C:/MinGW/bin/gcc.exe 
Build flags: 
Id flags:  

The output was:
1
gcc.exe: error: CreateProcess: No such file or directory


Compiling the C compiler identification source file "CMakeCCompilerId.c" failed.
Compiler: C:/MinGW/bin/gcc.exe 
Build flags: 
Id flags: -c 

The output was:
1
gcc.exe: error: CreateProcess: No such file or directory


Compiling the C compiler identification source file "CMakeCCompilerId.c" failed.
Compiler: C:/MinGW/bin/gcc.exe 
Build flags: 
Id flags: -Aa 

The output was:
1
<command-line>:0:1: error: missing '(' after predicate


Compiling the C compiler identification source file "CMakeCCompilerId.c" failed.
Compiler: C:/MinGW/bin/gcc.exe 
Build flags: 
Id flags: -D__CLASSIC_C__ 

The output was:
1
gcc.exe: error: CreateProcess: No such file or directory


Compiling the C compiler identification source file "CMakeCCompilerId.c" failed.
Compiler: C:/MinGW/bin/gcc.exe 
Build flags: 
Id flags: --target=arm-arm-none-eabi;-mcpu=cortex-m3 

The output was:
1
gcc.exe: warning: '-mcpu=' is deprecated; use '-mtune=' or '-march=' instead
cc1.exe: warning: command line option '-ftarget=arm-arm-none-eabi' is valid for Java but not for C
CMakeCCompilerId.c:1:0: error: bad value (cortex-m3) for -mtune= switch
 #ifdef __cplusplus
 


Compiling the C compiler identification source file "CMakeCCompilerId.c" failed.
Compiler: C:/MinGW/bin/gcc.exe 
Build flags: 
Id flags:  

The output was:
1
gcc.exe: error: CreateProcess: No such file or directory


Compiling the C compiler identification source file "CMakeCCompilerId.c" failed.
Compiler: C:/MinGW/bin/gcc.exe 
Build flags: 
Id flags: -c 

The output was:
1
gcc.exe: error: CreateProcess: No such file or directory


Compiling the C compiler identification source file "CMakeCCompilerId.c" failed.
Compiler: C:/MinGW/bin/gcc.exe 
Build flags: 
Id flags: -Aa 

The output was:
1
<command-line>:0:1: error: missing '(' after predicate


Compiling the C compiler identification source file "CMakeCCompilerId.c" failed.
Compiler: C:/MinGW/bin/gcc.exe 
Build flags: 
Id flags: -D__CLASSIC_C__ 

The output was:
1
gcc.exe: error: CreateProcess: No such file or directory


Compiling the C compiler identification source file "CMakeCCompilerId.c" failed.
Compiler: C:/MinGW/bin/gcc.exe 
Build flags: 
Id flags: --target=arm-arm-none-eabi;-mcpu=cortex-m3 

The output was:
1
gcc.exe: warning: '-mcpu=' is deprecated; use '-mtune=' or '-march=' instead
cc1.exe: warning: command line option '-ftarget=arm-arm-none-eabi' is valid for Java but not for C
CMakeCCompilerId.c:1:0: error: bad value (cortex-m3) for -mtune= switch
 #ifdef __cplusplus
 


Checking whether the C compiler is IAR using "" did not match "IAR .+ Compiler":
gcc.exe: fatal error: no input files
compilation terminated.
Checking whether the C compiler is IAR using "" did not match "IAR .+ Compiler":
gcc.exe: fatal error: no input files
compilation terminated.
Compiling the CXX compiler identification source file "CMakeCXXCompilerId.cpp" failed.
Compiler: C:/MinGW/bin/g++.exe 
Build flags: 
Id flags:  

The output was:
1
g++.exe: error: CreateProcess: No such file or directory


Compiling the CXX compiler identification source file "CMakeCXXCompilerId.cpp" failed.
Compiler: C:/MinGW/bin/g++.exe 
Build flags: 
Id flags: -c 

The output was:
1
g++.exe: error: CreateProcess: No such file or directory


Compiling the CXX compiler identification source file "CMakeCXXCompilerId.cpp" failed.
Compiler: C:/MinGW/bin/g++.exe 
Build flags: 
Id flags: --c++ 

The output was:
1
g++.exe: error: unrecognized command line option '--c++'


Compiling the CXX compiler identification source file "CMakeCXXCompilerId.cpp" failed.
Compiler: C:/MinGW/bin/g++.exe 
Build flags: 
Id flags: --ec++ 

The output was:
1
g++.exe: error: unrecognized command line option '--ec++'; did you mean '-Weffc++'?


Compiling the CXX compiler identification source file "CMakeCXXCompilerId.cpp" failed.
Compiler: C:/MinGW/bin/g++.exe 
Build flags: 
Id flags: --target=arm-arm-none-eabi;-mcpu=cortex-m3 

The output was:
1
g++.exe: warning: '-mcpu=' is deprecated; use '-mtune=' or '-march=' instead
cc1plus.exe: warning: command line option '-ftarget=arm-arm-none-eabi' is valid for Java but not for C++
CMakeCXXCompilerId.cpp:1:0: error: bad value (cortex-m3) for -mtune= switch
 /* This source file must have a .cpp extension so that all C++ compilers
 


Compiling the CXX compiler identification source file "CMakeCXXCompilerId.cpp" failed.
Compiler: C:/MinGW/bin/g++.exe 
Build flags: 
Id flags:  

The output was:
1
g++.exe: error: CreateProcess: No such file or directory


Compiling the CXX compiler identification source file "CMakeCXXCompilerId.cpp" failed.
Compiler: C:/MinGW/bin/g++.exe 
Build flags: 
Id flags: -c 

The output was:
1
g++.exe: error: CreateProcess: No such file or directory


Compiling the CXX compiler identification source file "CMakeCXXCompilerId.cpp" failed.
Compiler: C:/MinGW/bin/g++.exe 
Build flags: 
Id flags: --c++ 

The output was:
1
g++.exe: error: unrecognized command line option '--c++'


Compiling the CXX compiler identification source file "CMakeCXXCompilerId.cpp" failed.
Compiler: C:/MinGW/bin/g++.exe 
Build flags: 
Id flags: --ec++ 

The output was:
1
g++.exe: error: unrecognized command line option '--ec++'; did you mean '-Weffc++'?


Compiling the CXX compiler identification source file "CMakeCXXCompilerId.cpp" failed.
Compiler: C:/MinGW/bin/g++.exe 
Build flags: 
Id flags: --target=arm-arm-none-eabi;-mcpu=cortex-m3 

The output was:
1
g++.exe: warning: '-mcpu=' is deprecated; use '-mtune=' or '-march=' instead
cc1plus.exe: warning: command line option '-ftarget=arm-arm-none-eabi' is valid for Java but not for C++
CMakeCXXCompilerId.cpp:1:0: error: bad value (cortex-m3) for -mtune= switch
 /* This source file must have a .cpp extension so that all C++ compilers
 


Checking whether the CXX compiler is IAR using "" did not match "IAR .+ Compiler":
g++.exe: fatal error: no input files
compilation terminated.
Checking whether the CXX compiler is IAR using "" did not match "IAR .+ Compiler":
g++.exe: fatal error: no input files
compilation terminated.
Detecting C compiler ABI info failed to compile with the following output:
Change Dir: C:/Users/nabee/Desktop/lab_4th/Theory-of-Computation-Lab/Lab2/cmake-build-debug/CMakeFiles/CMakeTmp

Run Build Command(s):C:/MinGW/bin/mingw32-make.exe -f Makefile cmTC_1c4a2/fast && C:/MinGW/bin/mingw32-make.exe  -f CMakeFiles\cmTC_1c4a2.dir\build.make CMakeFiles/cmTC_1c4a2.dir/build
mingw32-make.exe[1]: Entering directory 'C:/Users/nabee/Desktop/lab_4th/Theory-of-Computation-Lab/Lab2/cmake-build-debug/CMakeFiles/CMakeTmp'
Building C object CMakeFiles/cmTC_1c4a2.dir/CMakeCCompilerABI.c.obj
C:\MinGW\bin\gcc.exe    -o CMakeFiles\cmTC_1c4a2.dir\CMakeCCompilerABI.c.obj -c "C:\Program Files\JetBrains\CLion 2021.2.1\bin\cmake\win\share\cmake-3.20\Modules\CMakeCCompilerABI.c"
gcc.exe: error: CreateProcess: No such file or directory
CMakeFiles\cmTC_1c4a2.dir\build.make:76: recipe for target 'CMakeFiles/cmTC_1c4a2.dir/CMakeCCompilerABI.c.obj' failed
mingw32-make.exe[1]: *** [CMakeFiles/cmTC_1c4a2.dir/CMakeCCompilerABI.c.obj] Error 1
mingw32-make.exe[1]: Leaving directory 'C:/Users/nabee/Desktop/lab_4th/Theory-of-Computation-Lab/Lab2/cmake-build-debug/CMakeFiles/CMakeTmp'
Makefile:126: recipe for target 'cmTC_1c4a2/fast' failed
mingw32-make.exe: *** [cmTC_1c4a2/fast] Error 2




Determining if the C compiler works failed with the following output:
Change Dir: C:/Users/nabee/Desktop/lab_4th/Theory-of-Computation-Lab/Lab2/cmake-build-debug/CMakeFiles/CMakeTmp

Run Build Command(s):C:/MinGW/bin/mingw32-make.exe -f Makefile cmTC_03193/fast && C:/MinGW/bin/mingw32-make.exe  -f CMakeFiles\cmTC_03193.dir\build.make CMakeFiles/cmTC_03193.dir/build
mingw32-make.exe[1]: Entering directory 'C:/Users/nabee/Desktop/lab_4th/Theory-of-Computation-Lab/Lab2/cmake-build-debug/CMakeFiles/CMakeTmp'
Building C object CMakeFiles/cmTC_03193.dir/testCCompiler.c.obj
C:\MinGW\bin\gcc.exe    -o CMakeFiles\cmTC_03193.dir\testCCompiler.c.obj -c C:\Users\nabee\Desktop\lab_4th\Theory-of-Computation-Lab\Lab2\cmake-build-debug\CMakeFiles\CMakeTmp\testCCompiler.c
gcc.exe: error: CreateProcess: No such file or directory
CMakeFiles\cmTC_03193.dir\build.make:76: recipe for target 'CMakeFiles/cmTC_03193.dir/testCCompiler.c.obj' failed
mingw32-make.exe[1]: *** [CMakeFiles/cmTC_03193.dir/testCCompiler.c.obj] Error 1
mingw32-make.exe[1]: Leaving directory 'C:/Users/nabee/Desktop/lab_4th/Theory-of-Computation-Lab/Lab2/cmake-build-debug/CMakeFiles/CMakeTmp'
Makefile:126: recipe for target 'cmTC_03193/fast' failed
mingw32-make.exe: *** [cmTC_03193/fast] Error 2



